<?xml version="1.0" encoding="UTF-8"?>
<testng-results ignored="0" total="2" passed="2" failed="0" skipped="0">
  <reporter-output>
  </reporter-output>
  <suite started-at="2023-08-31T20:14:09 IST" name="Default suite" finished-at="2023-08-31T20:14:09 IST" duration-ms="125">
    <groups>
    </groups>
    <test started-at="2023-08-31T20:14:09 IST" name="Default test" finished-at="2023-08-31T20:14:09 IST" duration-ms="125">
      <class name="Demo1.Test1">
        <test-method signature="method1()[pri:0, instance:Demo1.Test1@20deea7f]" started-at="2023-08-31T20:14:09 IST" name="method1" finished-at="2023-08-31T20:14:09 IST" duration-ms="15" status="PASS">
          <reporter-output>
          </reporter-output>
        </test-method> <!-- method1 -->
        <test-method signature="method2()[pri:0, instance:Demo1.Test1@20deea7f]" started-at="2023-08-31T20:14:09 IST" name="method2" finished-at="2023-08-31T20:14:09 IST" duration-ms="8" status="PASS">
          <reporter-output>
          </reporter-output>
        </test-method> <!-- method2 -->
      </class> <!-- Demo1.Test1 -->
    </test> <!-- Default test -->
  </suite> <!-- Default suite -->
</testng-results>
